2023-12-11 21:13:14 - PHP Warning:  Undefined variable $limit in H:\rabota\OSPanel\domains\opencartrs\catalog\model\catalog\product.php on line 574
2023-12-11 21:13:14 - PHP Warning:  Undefined variable $limit in H:\rabota\OSPanel\domains\opencartrs\catalog\model\catalog\product.php on line 583
2023-12-11 21:30:01 - Error: Could not load model Opencart\Catalog\Model\Extension\Module\UniNewData! in H:\rabota\OSPanel\domains\opencartrs\system\engine\loader.php on line 177
2023-12-11 21:30:23 - Error: Could not call registry key model_extension_module_uni_new_data! in H:\rabota\OSPanel\domains\opencartrs\system\engine\controller.php on line 39
2023-12-11 21:31:13 - Call to undefined function Opencart\Catalog\Controller\Common\utf8_substr() in H:\rabota\OSPanel\domains\opencartrs\catalog\controller\common\latest_products.php on line 121
2023-12-11 21:33:54 - substr(): Argument #3 ($length) must be of type ?int, string given in H:\rabota\OSPanel\domains\opencartrs\catalog\controller\common\latest_products.php on line 121
2023-12-11 22:20:39 - PHP Warning:  filemtime(): stat failed for H:/rabota/ospan/OSPanel/domains/eroticshop_kg/catalog/demo/banners/iPhone6.jpg in H:\rabota\OSPanel\domains\opencartrs\catalog\model\tool\image.php on line 31
2023-12-11 22:20:39 - PHP Warning:  getimagesize(H:/rabota/ospan/OSPanel/domains/eroticshop_kg/catalog/demo/banners/iPhone6.jpg): Failed to open stream: No such file or directory in H:\rabota\OSPanel\domains\opencartrs\catalog\model\tool\image.php on line 32
2023-12-11 22:20:39 - PHP Warning:  filemtime(): stat failed for H:/rabota/ospan/OSPanel/domains/eroticshop_kg/catalog/demo/banners/MacBookAir.jpg in H:\rabota\OSPanel\domains\opencartrs\catalog\model\tool\image.php on line 31
2023-12-11 22:20:39 - PHP Warning:  getimagesize(H:/rabota/ospan/OSPanel/domains/eroticshop_kg/catalog/demo/banners/MacBookAir.jpg): Failed to open stream: No such file or directory in H:\rabota\OSPanel\domains\opencartrs\catalog\model\tool\image.php on line 32
2023-12-11 22:20:39 - PHP Warning:  filemtime(): stat failed for H:/rabota/ospan/OSPanel/domains/eroticshop_kg/catalog/demo/manufacturer/harley.png in H:\rabota\OSPanel\domains\opencartrs\catalog\model\tool\image.php on line 31
2023-12-11 22:20:39 - PHP Warning:  getimagesize(H:/rabota/ospan/OSPanel/domains/eroticshop_kg/catalog/demo/manufacturer/harley.png): Failed to open stream: No such file or directory in H:\rabota\OSPanel\domains\opencartrs\catalog\model\tool\image.php on line 32
2023-12-11 22:20:39 - PHP Warning:  filemtime(): stat failed for H:/rabota/ospan/OSPanel/domains/eroticshop_kg/catalog/demo/manufacturer/dell.png in H:\rabota\OSPanel\domains\opencartrs\catalog\model\tool\image.php on line 31
2023-12-11 22:20:39 - PHP Warning:  getimagesize(H:/rabota/ospan/OSPanel/domains/eroticshop_kg/catalog/demo/manufacturer/dell.png): Failed to open stream: No such file or directory in H:\rabota\OSPanel\domains\opencartrs\catalog\model\tool\image.php on line 32
2023-12-11 22:20:39 - PHP Warning:  filemtime(): stat failed for H:/rabota/ospan/OSPanel/domains/eroticshop_kg/catalog/demo/manufacturer/disney.png in H:\rabota\OSPanel\domains\opencartrs\catalog\model\tool\image.php on line 31
2023-12-11 22:20:39 - PHP Warning:  getimagesize(H:/rabota/ospan/OSPanel/domains/eroticshop_kg/catalog/demo/manufacturer/disney.png): Failed to open stream: No such file or directory in H:\rabota\OSPanel\domains\opencartrs\catalog\model\tool\image.php on line 32
2023-12-11 22:20:39 - PHP Warning:  filemtime(): stat failed for H:/rabota/ospan/OSPanel/domains/eroticshop_kg/catalog/demo/manufacturer/cocacola.png in H:\rabota\OSPanel\domains\opencartrs\catalog\model\tool\image.php on line 31
2023-12-11 22:20:39 - PHP Warning:  getimagesize(H:/rabota/ospan/OSPanel/domains/eroticshop_kg/catalog/demo/manufacturer/cocacola.png): Failed to open stream: No such file or directory in H:\rabota\OSPanel\domains\opencartrs\catalog\model\tool\image.php on line 32
2023-12-11 22:20:39 - PHP Warning:  filemtime(): stat failed for H:/rabota/ospan/OSPanel/domains/eroticshop_kg/catalog/demo/manufacturer/burgerking.png in H:\rabota\OSPanel\domains\opencartrs\catalog\model\tool\image.php on line 31
2023-12-11 22:20:39 - PHP Warning:  getimagesize(H:/rabota/ospan/OSPanel/domains/eroticshop_kg/catalog/demo/manufacturer/burgerking.png): Failed to open stream: No such file or directory in H:\rabota\OSPanel\domains\opencartrs\catalog\model\tool\image.php on line 32
2023-12-11 22:20:39 - PHP Warning:  filemtime(): stat failed for H:/rabota/ospan/OSPanel/domains/eroticshop_kg/catalog/demo/manufacturer/canon.png in H:\rabota\OSPanel\domains\opencartrs\catalog\model\tool\image.php on line 31
2023-12-11 22:20:39 - PHP Warning:  getimagesize(H:/rabota/ospan/OSPanel/domains/eroticshop_kg/catalog/demo/manufacturer/canon.png): Failed to open stream: No such file or directory in H:\rabota\OSPanel\domains\opencartrs\catalog\model\tool\image.php on line 32
2023-12-11 22:20:39 - PHP Warning:  filemtime(): stat failed for H:/rabota/ospan/OSPanel/domains/eroticshop_kg/catalog/demo/manufacturer/nfl.png in H:\rabota\OSPanel\domains\opencartrs\catalog\model\tool\image.php on line 31
2023-12-11 22:20:39 - PHP Warning:  getimagesize(H:/rabota/ospan/OSPanel/domains/eroticshop_kg/catalog/demo/manufacturer/nfl.png): Failed to open stream: No such file or directory in H:\rabota\OSPanel\domains\opencartrs\catalog\model\tool\image.php on line 32
2023-12-11 22:20:39 - PHP Warning:  filemtime(): stat failed for H:/rabota/ospan/OSPanel/domains/eroticshop_kg/catalog/demo/manufacturer/redbull.png in H:\rabota\OSPanel\domains\opencartrs\catalog\model\tool\image.php on line 31
2023-12-11 22:20:39 - PHP Warning:  getimagesize(H:/rabota/ospan/OSPanel/domains/eroticshop_kg/catalog/demo/manufacturer/redbull.png): Failed to open stream: No such file or directory in H:\rabota\OSPanel\domains\opencartrs\catalog\model\tool\image.php on line 32
2023-12-11 22:20:39 - PHP Warning:  filemtime(): stat failed for H:/rabota/ospan/OSPanel/domains/eroticshop_kg/catalog/demo/manufacturer/sony.png in H:\rabota\OSPanel\domains\opencartrs\catalog\model\tool\image.php on line 31
2023-12-11 22:20:39 - PHP Warning:  getimagesize(H:/rabota/ospan/OSPanel/domains/eroticshop_kg/catalog/demo/manufacturer/sony.png): Failed to open stream: No such file or directory in H:\rabota\OSPanel\domains\opencartrs\catalog\model\tool\image.php on line 32
2023-12-11 22:20:39 - PHP Warning:  filemtime(): stat failed for H:/rabota/ospan/OSPanel/domains/eroticshop_kg/catalog/demo/manufacturer/starbucks.png in H:\rabota\OSPanel\domains\opencartrs\catalog\model\tool\image.php on line 31
2023-12-11 22:20:39 - PHP Warning:  getimagesize(H:/rabota/ospan/OSPanel/domains/eroticshop_kg/catalog/demo/manufacturer/starbucks.png): Failed to open stream: No such file or directory in H:\rabota\OSPanel\domains\opencartrs\catalog\model\tool\image.php on line 32
2023-12-11 22:20:39 - PHP Warning:  filemtime(): stat failed for H:/rabota/ospan/OSPanel/domains/eroticshop_kg/catalog/demo/manufacturer/nintendo.png in H:\rabota\OSPanel\domains\opencartrs\catalog\model\tool\image.php on line 31
2023-12-11 22:20:39 - PHP Warning:  getimagesize(H:/rabota/ospan/OSPanel/domains/eroticshop_kg/catalog/demo/manufacturer/nintendo.png): Failed to open stream: No such file or directory in H:\rabota\OSPanel\domains\opencartrs\catalog\model\tool\image.php on line 32
2023-12-11 22:21:51 - PHP Warning:  getimagesize(H:/rabota/ospan/OSPanel/domains/eroticshop_kg/catalog/demo/banners/iPhone6.jpg): Failed to open stream: No such file or directory in H:\rabota\OSPanel\domains\opencartrs\catalog\model\tool\image.php on line 32
2023-12-11 22:21:51 - PHP Warning:  getimagesize(H:/rabota/ospan/OSPanel/domains/eroticshop_kg/catalog/demo/banners/MacBookAir.jpg): Failed to open stream: No such file or directory in H:\rabota\OSPanel\domains\opencartrs\catalog\model\tool\image.php on line 32
2023-12-11 22:21:51 - PHP Warning:  getimagesize(H:/rabota/ospan/OSPanel/domains/eroticshop_kg/catalog/demo/manufacturer/harley.png): Failed to open stream: No such file or directory in H:\rabota\OSPanel\domains\opencartrs\catalog\model\tool\image.php on line 32
2023-12-11 22:21:51 - PHP Warning:  getimagesize(H:/rabota/ospan/OSPanel/domains/eroticshop_kg/catalog/demo/manufacturer/dell.png): Failed to open stream: No such file or directory in H:\rabota\OSPanel\domains\opencartrs\catalog\model\tool\image.php on line 32
2023-12-11 22:21:51 - PHP Warning:  getimagesize(H:/rabota/ospan/OSPanel/domains/eroticshop_kg/catalog/demo/manufacturer/disney.png): Failed to open stream: No such file or directory in H:\rabota\OSPanel\domains\opencartrs\catalog\model\tool\image.php on line 32
2023-12-11 22:21:51 - PHP Warning:  getimagesize(H:/rabota/ospan/OSPanel/domains/eroticshop_kg/catalog/demo/manufacturer/cocacola.png): Failed to open stream: No such file or directory in H:\rabota\OSPanel\domains\opencartrs\catalog\model\tool\image.php on line 32
2023-12-11 22:21:51 - PHP Warning:  getimagesize(H:/rabota/ospan/OSPanel/domains/eroticshop_kg/catalog/demo/manufacturer/burgerking.png): Failed to open stream: No such file or directory in H:\rabota\OSPanel\domains\opencartrs\catalog\model\tool\image.php on line 32
2023-12-11 22:21:51 - PHP Warning:  getimagesize(H:/rabota/ospan/OSPanel/domains/eroticshop_kg/catalog/demo/manufacturer/canon.png): Failed to open stream: No such file or directory in H:\rabota\OSPanel\domains\opencartrs\catalog\model\tool\image.php on line 32
2023-12-11 22:21:51 - PHP Warning:  getimagesize(H:/rabota/ospan/OSPanel/domains/eroticshop_kg/catalog/demo/manufacturer/nfl.png): Failed to open stream: No such file or directory in H:\rabota\OSPanel\domains\opencartrs\catalog\model\tool\image.php on line 32
2023-12-11 22:21:51 - PHP Warning:  getimagesize(H:/rabota/ospan/OSPanel/domains/eroticshop_kg/catalog/demo/manufacturer/redbull.png): Failed to open stream: No such file or directory in H:\rabota\OSPanel\domains\opencartrs\catalog\model\tool\image.php on line 32
2023-12-11 22:21:51 - PHP Warning:  getimagesize(H:/rabota/ospan/OSPanel/domains/eroticshop_kg/catalog/demo/manufacturer/sony.png): Failed to open stream: No such file or directory in H:\rabota\OSPanel\domains\opencartrs\catalog\model\tool\image.php on line 32
2023-12-11 22:21:51 - PHP Warning:  getimagesize(H:/rabota/ospan/OSPanel/domains/eroticshop_kg/catalog/demo/manufacturer/starbucks.png): Failed to open stream: No such file or directory in H:\rabota\OSPanel\domains\opencartrs\catalog\model\tool\image.php on line 32
2023-12-11 22:21:51 - PHP Warning:  getimagesize(H:/rabota/ospan/OSPanel/domains/eroticshop_kg/catalog/demo/manufacturer/nintendo.png): Failed to open stream: No such file or directory in H:\rabota\OSPanel\domains\opencartrs\catalog\model\tool\image.php on line 32
2023-12-11 22:23:13 - Call to undefined function Opencart\Catalog\Model\Tool\utf8_substr() in H:\rabota\OSPanel\domains\opencartrs\catalog\model\tool\image.php on line 127
2023-12-11 22:23:35 - Call to undefined function Opencart\Catalog\Model\Tool\utf8_substr() in H:\rabota\OSPanel\domains\opencartrs\catalog\model\tool\image.php on line 74
2023-12-11 22:23:51 - Opencart\System\Engine\Model::__construct(): Argument #1 ($registry) must be of type Opencart\System\Engine\Registry, string given, called in H:\rabota\OSPanel\domains\opencartrs\catalog\model\tool\image.php on line 100 in H:\rabota\OSPanel\domains\opencartrs\system\engine\model.php on line 28
2023-12-23 08:47:42 - PHP Warning:  Undefined array key "route" in H:\rabota\OSPanel\domains\opencartrs\catalog\controller\common\search.php on line 25
2023-12-23 08:48:11 - PHP Warning:  Undefined array key "route" in H:\rabota\OSPanel\domains\opencartrs\catalog\controller\common\search.php on line 25
2023-12-25 02:32:37 - PHP Warning:  Undefined array key "route" in H:\rabota\OSPanel\domains\opencartrs\catalog\controller\common\search.php on line 25
2023-12-25 02:34:24 - PHP Warning:  Undefined array key "search" in H:\rabota\OSPanel\domains\opencartrs\catalog\controller\common\search.php on line 18
2023-12-25 02:37:20 - PHP Warning:  Undefined array key "route" in H:\rabota\OSPanel\domains\opencartrs\catalog\controller\common\search.php on line 29
2023-12-25 02:38:05 - Call to undefined method Opencart\System\Library\Request::get() in H:\rabota\OSPanel\domains\opencartrs\catalog\controller\common\search.php on line 19
2023-12-25 02:50:24 - PHP Warning:  Undefined array key "route" in H:\rabota\OSPanel\domains\opencartrs\catalog\controller\common\search.php on line 29
2023-12-25 02:54:05 - PHP Warning:  Undefined array key "route" in H:\rabota\OSPanel\domains\opencartrs\catalog\controller\common\search.php on line 29
2023-12-25 03:12:22 - PHP Warning:  Undefined variable $data in H:\rabota\OSPanel\domains\opencartrs\catalog\controller\product\search.php on line 40
2023-12-25 03:15:53 - PHP Warning:  Undefined array key "route" in H:\rabota\OSPanel\domains\opencartrs\catalog\controller\common\search.php on line 25
2023-12-25 03:16:49 - PHP Warning:  Undefined array key "route" in H:\rabota\OSPanel\domains\opencartrs\catalog\controller\common\search.php on line 25
2023-12-25 03:17:15 - PHP Warning:  Undefined array key "route" in H:\rabota\OSPanel\domains\opencartrs\catalog\controller\common\search.php on line 25
2023-12-25 03:19:36 - PHP Warning:  Undefined array key "route" in H:\rabota\OSPanel\domains\opencartrs\catalog\controller\common\search.php on line 25
2023-12-25 03:24:31 - PHP Warning:  Undefined array key "route" in H:\rabota\OSPanel\domains\opencartrs\catalog\controller\common\search.php on line 25
2023-12-25 03:25:37 - PHP Warning:  Undefined array key "route" in H:\rabota\OSPanel\domains\opencartrs\catalog\controller\common\search.php on line 25
2023-12-25 03:33:29 - PHP Warning:  Undefined array key "route" in H:\rabota\OSPanel\domains\opencartrs\catalog\controller\common\search.php on line 25
2023-12-25 03:35:01 - PHP Warning:  Undefined array key "route" in H:\rabota\OSPanel\domains\opencartrs\catalog\controller\common\search.php on line 25
2023-12-25 03:35:28 - PHP Warning:  Undefined array key "route" in H:\rabota\OSPanel\domains\opencartrs\catalog\controller\common\search.php on line 25
2023-12-25 03:36:17 - PHP Warning:  Undefined array key "route" in H:\rabota\OSPanel\domains\opencartrs\catalog\controller\common\search.php on line 25
2023-12-25 03:37:58 - PHP Warning:  Undefined array key "route" in H:\rabota\OSPanel\domains\opencartrs\catalog\controller\common\search.php on line 25
2023-12-25 03:38:11 - PHP Warning:  Undefined array key "route" in H:\rabota\OSPanel\domains\opencartrs\catalog\controller\common\search.php on line 25
2023-12-25 03:41:49 - PHP Warning:  Undefined array key "route" in H:\rabota\OSPanel\domains\opencartrs\catalog\controller\common\search.php on line 25
2023-12-25 03:42:17 - PHP Warning:  Undefined array key "route" in H:\rabota\OSPanel\domains\opencartrs\catalog\controller\common\search.php on line 25
2023-12-25 03:42:51 - PHP Warning:  Undefined array key "route" in H:\rabota\OSPanel\domains\opencartrs\catalog\controller\common\search.php on line 25
2023-12-25 03:45:17 - PHP Warning:  Undefined array key "route" in H:\rabota\OSPanel\domains\opencartrs\catalog\controller\common\search.php on line 25
2023-12-25 03:49:37 - PHP Warning:  Undefined array key "route" in H:\rabota\OSPanel\domains\opencartrs\catalog\controller\common\search.php on line 25
2023-12-25 04:00:29 - PHP Warning:  Undefined array key "route" in H:\rabota\OSPanel\domains\opencartrs\catalog\controller\common\search.php on line 25
2023-12-25 04:05:26 - PHP Warning:  Undefined array key "route" in H:\rabota\OSPanel\domains\opencartrs\catalog\controller\common\search.php on line 25
2023-12-25 04:05:33 - PHP Warning:  Undefined array key "route" in H:\rabota\OSPanel\domains\opencartrs\catalog\controller\common\search.php on line 25
2023-12-25 04:06:55 - PHP Warning:  Undefined array key "route" in H:\rabota\OSPanel\domains\opencartrs\catalog\controller\common\search.php on line 25
2023-12-25 04:46:56 - Opencart\System\Engine\Model::__construct(): Argument #1 ($registry) must be of type Opencart\System\Engine\Registry, string given, called in H:\rabota\OSPanel\domains\opencartrs\catalog\model\tool\image.php on line 152 in H:\rabota\OSPanel\domains\opencartrs\system\engine\model.php on line 28
2023-12-25 04:47:04 - Opencart\System\Engine\Model::__construct(): Argument #1 ($registry) must be of type Opencart\System\Engine\Registry, string given, called in H:\rabota\OSPanel\domains\opencartrs\catalog\model\tool\image.php on line 152 in H:\rabota\OSPanel\domains\opencartrs\system\engine\model.php on line 28
2023-12-25 04:47:05 - Opencart\System\Engine\Model::__construct(): Argument #1 ($registry) must be of type Opencart\System\Engine\Registry, string given, called in H:\rabota\OSPanel\domains\opencartrs\catalog\model\tool\image.php on line 152 in H:\rabota\OSPanel\domains\opencartrs\system\engine\model.php on line 28
2023-12-25 04:47:09 - Opencart\System\Engine\Model::__construct(): Argument #1 ($registry) must be of type Opencart\System\Engine\Registry, string given, called in H:\rabota\OSPanel\domains\opencartrs\catalog\model\tool\image.php on line 152 in H:\rabota\OSPanel\domains\opencartrs\system\engine\model.php on line 28
2023-12-25 04:47:10 - Opencart\System\Engine\Model::__construct(): Argument #1 ($registry) must be of type Opencart\System\Engine\Registry, string given, called in H:\rabota\OSPanel\domains\opencartrs\catalog\model\tool\image.php on line 152 in H:\rabota\OSPanel\domains\opencartrs\system\engine\model.php on line 28
2023-12-25 04:47:11 - Opencart\System\Engine\Model::__construct(): Argument #1 ($registry) must be of type Opencart\System\Engine\Registry, string given, called in H:\rabota\OSPanel\domains\opencartrs\catalog\model\tool\image.php on line 152 in H:\rabota\OSPanel\domains\opencartrs\system\engine\model.php on line 28
2023-12-25 04:47:11 - Opencart\System\Engine\Model::__construct(): Argument #1 ($registry) must be of type Opencart\System\Engine\Registry, string given, called in H:\rabota\OSPanel\domains\opencartrs\catalog\model\tool\image.php on line 152 in H:\rabota\OSPanel\domains\opencartrs\system\engine\model.php on line 28
2023-12-25 04:49:15 - Opencart\System\Engine\Model::__construct(): Argument #1 ($registry) must be of type Opencart\System\Engine\Registry, string given, called in H:\rabota\OSPanel\domains\opencartrs\catalog\model\tool\image.php on line 156 in H:\rabota\OSPanel\domains\opencartrs\system\engine\model.php on line 28
2023-12-29 18:13:17 - PHP Warning:  Undefined variable $result in H:\rabota\OSPanel\domains\opencartrs\catalog\controller\product\category.php on line 233
2023-12-29 18:13:17 - PHP Warning:  Trying to access array offset on value of type null in H:\rabota\OSPanel\domains\opencartrs\catalog\controller\product\category.php on line 233
2023-12-29 18:13:17 - PHP Unknown:  html_entity_decode(): Passing null to parameter #1 ($string) of type string is deprecated in H:\rabota\OSPanel\domains\opencartrs\catalog\controller\product\category.php on line 233
2023-12-29 18:16:26 - syntax error, unexpected token ";", expecting ")" in H:\rabota\OSPanel\domains\opencartrs\catalog\controller\product\category.php on line 235
2024-01-02 14:37:14 - PHP Warning:  Array to string conversion in H:\rabota\OSPanel\domains\opencartrs\system\storage\cache\template\f3\f36d00f88fb0e6356f6a6b798d380f10.php on line 53
2024-01-02 15:10:52 - Unable to find template "extension/eroticshop/catalog/view/template/product/thumb.twig" (looked into: ). in H:\rabota\OSPanel\domains\opencartrs\system\storage\vendor\twig\twig\src\Loader\FilesystemLoader.php on line 227
2024-01-02 16:39:18 - Unable to find template "catalog/view/template/account/login_popup.twig" (looked into: ). in H:\rabota\OSPanel\domains\opencartrs\system\storage\vendor\twig\twig\src\Loader\FilesystemLoader.php on line 227
2024-01-02 19:18:10 - PHP Warning:  Undefined array key "login_token" in H:\rabota\OSPanel\domains\opencartrs\catalog\controller\account\login.php on line 115
2024-02-01 09:34:34 - PHP Warning:  filemtime(): stat failed for /var/www/juli.dementeva/data/www/eroticshop.kg/images/stories/virtuemart/product/5c791438b1bc9_20160501_132101.jpg in H:\rabota\OSPanel\domains\opencartrs\catalog\model\tool\image.php on line 76
2024-02-01 09:34:34 - PHP Warning:  filemtime(): stat failed for /var/www/juli.dementeva/data/www/eroticshop.kg/images/stories/virtuemart/product/6-6.jpg in H:\rabota\OSPanel\domains\opencartrs\catalog\model\tool\image.php on line 76
2024-02-01 09:34:34 - PHP Warning:  filemtime(): stat failed for /var/www/juli.dementeva/data/www/eroticshop.kg/images/stories/virtuemart/product/5d1b368012beb_36-21.jpg in H:\rabota\OSPanel\domains\opencartrs\catalog\model\tool\image.php on line 76
2024-02-01 09:34:34 - PHP Warning:  filemtime(): stat failed for /var/www/juli.dementeva/data/www/eroticshop.kg/images/stories/virtuemart/product/rings-for-the-penis1.jpg in H:\rabota\OSPanel\domains\opencartrs\catalog\model\tool\image.php on line 76
2024-02-01 09:34:34 - PHP Warning:  filemtime(): stat failed for /var/www/juli.dementeva/data/www/eroticshop.kg/images/stories/virtuemart/product/ko04.eroticshop-min.jpg in H:\rabota\OSPanel\domains\opencartrs\catalog\model\tool\image.php on line 76
2024-02-01 09:34:34 - PHP Warning:  filemtime(): stat failed for /var/www/juli.dementeva/data/www/eroticshop.kg/images/stories/virtuemart/product/eroticshop.kg-kolco.jpg in H:\rabota\OSPanel\domains\opencartrs\catalog\model\tool\image.php on line 76
2024-02-01 09:34:34 - PHP Warning:  filemtime(): stat failed for /var/www/juli.dementeva/data/www/eroticshop.kg/images/stories/virtuemart/product/nasadka43.jpg in H:\rabota\OSPanel\domains\opencartrs\catalog\model\tool\image.php on line 76
2024-02-01 09:34:34 - PHP Warning:  filemtime(): stat failed for /var/www/juli.dementeva/data/www/eroticshop.kg/images/stories/virtuemart/product/5f94062cddb44_14.jpg in H:\rabota\OSPanel\domains\opencartrs\catalog\model\tool\image.php on line 76
2024-02-01 09:34:34 - PHP Warning:  filemtime(): stat failed for /var/www/juli.dementeva/data/www/eroticshop.kg/images/stories/virtuemart/product/2111332120.jpg in H:\rabota\OSPanel\domains\opencartrs\catalog\model\tool\image.php on line 76
2024-02-01 09:34:34 - PHP Warning:  filemtime(): stat failed for /var/www/juli.dementeva/data/www/eroticshop.kg/images/stories/virtuemart/product/h8eac1252726d4b3190fda61c93bc9f034.jpg in H:\rabota\OSPanel\domains\opencartrs\catalog\model\tool\image.php on line 76
2024-02-01 09:34:34 - PHP Warning:  filemtime(): stat failed for /var/www/juli.dementeva/data/www/eroticshop.kg/images/stories/virtuemart/product/5d8cc6b56c7fb_73bi-016013-500x500.jpg in H:\rabota\OSPanel\domains\opencartrs\catalog\model\tool\image.php on line 76
2024-02-01 09:34:34 - PHP Warning:  filemtime(): stat failed for /var/www/juli.dementeva/data/www/eroticshop.kg/images/stories/virtuemart/product/55420375_w640_h640_n_bao_50_sharikov_1000_rub-(kopirovat).jpg in H:\rabota\OSPanel\domains\opencartrs\catalog\model\tool\image.php on line 76
2024-02-01 09:34:35 - PHP Warning:  filemtime(): stat failed for /var/www/juli.dementeva/data/www/eroticshop.kg/images/stories/virtuemart/product/5c791438b1bc9_20160501_132101.jpg in H:\rabota\OSPanel\domains\opencartrs\catalog\model\tool\image.php on line 76
2024-02-01 09:34:35 - PHP Warning:  filemtime(): stat failed for /var/www/juli.dementeva/data/www/eroticshop.kg/images/stories/virtuemart/product/6-6.jpg in H:\rabota\OSPanel\domains\opencartrs\catalog\model\tool\image.php on line 76
2024-02-01 09:34:35 - PHP Warning:  filemtime(): stat failed for /var/www/juli.dementeva/data/www/eroticshop.kg/images/stories/virtuemart/product/5d1b368012beb_36-21.jpg in H:\rabota\OSPanel\domains\opencartrs\catalog\model\tool\image.php on line 76
2024-02-01 09:34:35 - PHP Warning:  filemtime(): stat failed for /var/www/juli.dementeva/data/www/eroticshop.kg/images/stories/virtuemart/product/rings-for-the-penis1.jpg in H:\rabota\OSPanel\domains\opencartrs\catalog\model\tool\image.php on line 76
2024-02-01 09:34:35 - PHP Warning:  filemtime(): stat failed for /var/www/juli.dementeva/data/www/eroticshop.kg/images/stories/virtuemart/product/ko04.eroticshop-min.jpg in H:\rabota\OSPanel\domains\opencartrs\catalog\model\tool\image.php on line 76
2024-02-01 09:34:35 - PHP Warning:  filemtime(): stat failed for /var/www/juli.dementeva/data/www/eroticshop.kg/images/stories/virtuemart/product/eroticshop.kg-kolco.jpg in H:\rabota\OSPanel\domains\opencartrs\catalog\model\tool\image.php on line 76
2024-02-01 09:34:35 - PHP Warning:  filemtime(): stat failed for /var/www/juli.dementeva/data/www/eroticshop.kg/images/stories/virtuemart/product/nasadka43.jpg in H:\rabota\OSPanel\domains\opencartrs\catalog\model\tool\image.php on line 76
2024-02-01 09:34:35 - PHP Warning:  filemtime(): stat failed for /var/www/juli.dementeva/data/www/eroticshop.kg/images/stories/virtuemart/product/5f94062cddb44_14.jpg in H:\rabota\OSPanel\domains\opencartrs\catalog\model\tool\image.php on line 76
2024-02-01 09:34:35 - PHP Warning:  filemtime(): stat failed for /var/www/juli.dementeva/data/www/eroticshop.kg/images/stories/virtuemart/product/2111332120.jpg in H:\rabota\OSPanel\domains\opencartrs\catalog\model\tool\image.php on line 76
2024-02-01 09:34:35 - PHP Warning:  filemtime(): stat failed for /var/www/juli.dementeva/data/www/eroticshop.kg/images/stories/virtuemart/product/h8eac1252726d4b3190fda61c93bc9f034.jpg in H:\rabota\OSPanel\domains\opencartrs\catalog\model\tool\image.php on line 76
2024-02-01 09:34:35 - PHP Warning:  filemtime(): stat failed for /var/www/juli.dementeva/data/www/eroticshop.kg/images/stories/virtuemart/product/5d8cc6b56c7fb_73bi-016013-500x500.jpg in H:\rabota\OSPanel\domains\opencartrs\catalog\model\tool\image.php on line 76
2024-02-01 09:34:35 - PHP Warning:  filemtime(): stat failed for /var/www/juli.dementeva/data/www/eroticshop.kg/images/stories/virtuemart/product/55420375_w640_h640_n_bao_50_sharikov_1000_rub-(kopirovat).jpg in H:\rabota\OSPanel\domains\opencartrs\catalog\model\tool\image.php on line 76
2024-02-13 14:42:25 - PHP Warning:  filemtime(): stat failed for /var/www/juli.dementeva/data/www/eroticshop.kg/images/stories/virtuemart/product/5c791438b1bc9_20160501_132101.jpg in H:\rabota\OSPanel\domains\opencartrs\catalog\model\tool\image.php on line 76
2024-02-13 14:42:25 - PHP Warning:  filemtime(): stat failed for /var/www/juli.dementeva/data/www/eroticshop.kg/images/stories/virtuemart/product/6-6.jpg in H:\rabota\OSPanel\domains\opencartrs\catalog\model\tool\image.php on line 76
2024-02-13 14:42:25 - PHP Warning:  filemtime(): stat failed for /var/www/juli.dementeva/data/www/eroticshop.kg/images/stories/virtuemart/product/5d1b368012beb_36-21.jpg in H:\rabota\OSPanel\domains\opencartrs\catalog\model\tool\image.php on line 76
2024-02-13 14:42:25 - PHP Warning:  filemtime(): stat failed for /var/www/juli.dementeva/data/www/eroticshop.kg/images/stories/virtuemart/product/rings-for-the-penis1.jpg in H:\rabota\OSPanel\domains\opencartrs\catalog\model\tool\image.php on line 76
2024-02-13 14:42:25 - PHP Warning:  filemtime(): stat failed for /var/www/juli.dementeva/data/www/eroticshop.kg/images/stories/virtuemart/product/ko04.eroticshop-min.jpg in H:\rabota\OSPanel\domains\opencartrs\catalog\model\tool\image.php on line 76
2024-02-13 14:42:25 - PHP Warning:  filemtime(): stat failed for /var/www/juli.dementeva/data/www/eroticshop.kg/images/stories/virtuemart/product/eroticshop.kg-kolco.jpg in H:\rabota\OSPanel\domains\opencartrs\catalog\model\tool\image.php on line 76
2024-02-13 14:42:25 - PHP Warning:  filemtime(): stat failed for /var/www/juli.dementeva/data/www/eroticshop.kg/images/stories/virtuemart/product/nasadka43.jpg in H:\rabota\OSPanel\domains\opencartrs\catalog\model\tool\image.php on line 76
2024-02-13 14:42:25 - PHP Warning:  filemtime(): stat failed for /var/www/juli.dementeva/data/www/eroticshop.kg/images/stories/virtuemart/product/5f94062cddb44_14.jpg in H:\rabota\OSPanel\domains\opencartrs\catalog\model\tool\image.php on line 76
2024-02-13 14:42:25 - PHP Warning:  filemtime(): stat failed for /var/www/juli.dementeva/data/www/eroticshop.kg/images/stories/virtuemart/product/2111332120.jpg in H:\rabota\OSPanel\domains\opencartrs\catalog\model\tool\image.php on line 76
2024-02-13 14:42:25 - PHP Warning:  filemtime(): stat failed for /var/www/juli.dementeva/data/www/eroticshop.kg/images/stories/virtuemart/product/h8eac1252726d4b3190fda61c93bc9f034.jpg in H:\rabota\OSPanel\domains\opencartrs\catalog\model\tool\image.php on line 76
2024-02-13 14:42:25 - PHP Warning:  filemtime(): stat failed for /var/www/juli.dementeva/data/www/eroticshop.kg/images/stories/virtuemart/product/5d8cc6b56c7fb_73bi-016013-500x500.jpg in H:\rabota\OSPanel\domains\opencartrs\catalog\model\tool\image.php on line 76
2024-02-13 14:42:25 - PHP Warning:  filemtime(): stat failed for /var/www/juli.dementeva/data/www/eroticshop.kg/images/stories/virtuemart/product/55420375_w640_h640_n_bao_50_sharikov_1000_rub-(kopirovat).jpg in H:\rabota\OSPanel\domains\opencartrs\catalog\model\tool\image.php on line 76
2024-02-13 14:42:45 - PHP Warning:  filemtime(): stat failed for /var/www/juli.dementeva/data/www/eroticshop.kg/images/stories/virtuemart/product/5c791438b1bc9_20160501_132101.jpg in H:\rabota\OSPanel\domains\opencartrs\catalog\model\tool\image.php on line 76
2024-02-13 14:42:45 - PHP Warning:  filemtime(): stat failed for /var/www/juli.dementeva/data/www/eroticshop.kg/images/stories/virtuemart/product/6-6.jpg in H:\rabota\OSPanel\domains\opencartrs\catalog\model\tool\image.php on line 76
2024-02-13 14:42:45 - PHP Warning:  filemtime(): stat failed for /var/www/juli.dementeva/data/www/eroticshop.kg/images/stories/virtuemart/product/5d1b368012beb_36-21.jpg in H:\rabota\OSPanel\domains\opencartrs\catalog\model\tool\image.php on line 76
2024-02-13 14:42:45 - PHP Warning:  filemtime(): stat failed for /var/www/juli.dementeva/data/www/eroticshop.kg/images/stories/virtuemart/product/rings-for-the-penis1.jpg in H:\rabota\OSPanel\domains\opencartrs\catalog\model\tool\image.php on line 76
2024-02-13 14:42:45 - PHP Warning:  filemtime(): stat failed for /var/www/juli.dementeva/data/www/eroticshop.kg/images/stories/virtuemart/product/ko04.eroticshop-min.jpg in H:\rabota\OSPanel\domains\opencartrs\catalog\model\tool\image.php on line 76
2024-02-13 14:42:45 - PHP Warning:  filemtime(): stat failed for /var/www/juli.dementeva/data/www/eroticshop.kg/images/stories/virtuemart/product/eroticshop.kg-kolco.jpg in H:\rabota\OSPanel\domains\opencartrs\catalog\model\tool\image.php on line 76
2024-02-13 14:42:45 - PHP Warning:  filemtime(): stat failed for /var/www/juli.dementeva/data/www/eroticshop.kg/images/stories/virtuemart/product/nasadka43.jpg in H:\rabota\OSPanel\domains\opencartrs\catalog\model\tool\image.php on line 76
2024-02-13 14:42:45 - PHP Warning:  filemtime(): stat failed for /var/www/juli.dementeva/data/www/eroticshop.kg/images/stories/virtuemart/product/5f94062cddb44_14.jpg in H:\rabota\OSPanel\domains\opencartrs\catalog\model\tool\image.php on line 76
2024-02-13 14:42:45 - PHP Warning:  filemtime(): stat failed for /var/www/juli.dementeva/data/www/eroticshop.kg/images/stories/virtuemart/product/2111332120.jpg in H:\rabota\OSPanel\domains\opencartrs\catalog\model\tool\image.php on line 76
2024-02-13 14:42:45 - PHP Warning:  filemtime(): stat failed for /var/www/juli.dementeva/data/www/eroticshop.kg/images/stories/virtuemart/product/h8eac1252726d4b3190fda61c93bc9f034.jpg in H:\rabota\OSPanel\domains\opencartrs\catalog\model\tool\image.php on line 76
2024-02-13 14:42:45 - PHP Warning:  filemtime(): stat failed for /var/www/juli.dementeva/data/www/eroticshop.kg/images/stories/virtuemart/product/5d8cc6b56c7fb_73bi-016013-500x500.jpg in H:\rabota\OSPanel\domains\opencartrs\catalog\model\tool\image.php on line 76
2024-02-13 14:42:45 - PHP Warning:  filemtime(): stat failed for /var/www/juli.dementeva/data/www/eroticshop.kg/images/stories/virtuemart/product/55420375_w640_h640_n_bao_50_sharikov_1000_rub-(kopirovat).jpg in H:\rabota\OSPanel\domains\opencartrs\catalog\model\tool\image.php on line 76
2024-02-13 14:42:51 - PHP Warning:  filemtime(): stat failed for /var/www/juli.dementeva/data/www/eroticshop.kg/images/stories/virtuemart/product/5c791438b1bc9_20160501_132101.jpg in H:\rabota\OSPanel\domains\opencartrs\catalog\model\tool\image.php on line 76
2024-02-13 14:42:59 - PHP Warning:  filemtime(): stat failed for /var/www/juli.dementeva/data/www/eroticshop.kg/images/stories/virtuemart/product/5c791438b1bc9_20160501_132101.jpg in H:\rabota\OSPanel\domains\opencartrs\catalog\model\tool\image.php on line 76
2024-02-13 14:43:00 - PHP Warning:  filemtime(): stat failed for /var/www/juli.dementeva/data/www/eroticshop.kg/images/stories/virtuemart/product/5c791438b1bc9_20160501_132101.jpg in H:\rabota\OSPanel\domains\opencartrs\catalog\model\tool\image.php on line 76
2024-02-13 14:43:01 - PHP Warning:  filemtime(): stat failed for /var/www/juli.dementeva/data/www/eroticshop.kg/images/stories/virtuemart/product/5c791438b1bc9_20160501_132101.jpg in H:\rabota\OSPanel\domains\opencartrs\catalog\model\tool\image.php on line 76
2024-02-13 14:58:53 - PHP Warning:  filemtime(): stat failed for /var/www/juli.dementeva/data/www/eroticshop.kg/images/stories/virtuemart/product/5c791438b1bc9_20160501_132101.jpg in H:\rabota\OSPanel\domains\opencartrs\catalog\model\tool\image.php on line 76
2024-02-13 14:58:53 - PHP Warning:  filemtime(): stat failed for /var/www/juli.dementeva/data/www/eroticshop.kg/images/stories/virtuemart/product/5c791438b1bc9_20160501_132101.jpg in H:\rabota\OSPanel\domains\opencartrs\catalog\model\tool\image.php on line 76
2024-02-13 14:58:53 - PHP Warning:  filemtime(): stat failed for /var/www/juli.dementeva/data/www/eroticshop.kg/images/stories/virtuemart/product/6-6.jpg in H:\rabota\OSPanel\domains\opencartrs\catalog\model\tool\image.php on line 76
2024-02-13 14:58:53 - PHP Warning:  filemtime(): stat failed for /var/www/juli.dementeva/data/www/eroticshop.kg/images/stories/virtuemart/product/5d1b368012beb_36-21.jpg in H:\rabota\OSPanel\domains\opencartrs\catalog\model\tool\image.php on line 76
2024-02-13 14:58:53 - PHP Warning:  filemtime(): stat failed for /var/www/juli.dementeva/data/www/eroticshop.kg/images/stories/virtuemart/product/rings-for-the-penis1.jpg in H:\rabota\OSPanel\domains\opencartrs\catalog\model\tool\image.php on line 76
2024-02-13 14:58:53 - PHP Warning:  filemtime(): stat failed for /var/www/juli.dementeva/data/www/eroticshop.kg/images/stories/virtuemart/product/ko04.eroticshop-min.jpg in H:\rabota\OSPanel\domains\opencartrs\catalog\model\tool\image.php on line 76
2024-02-13 14:58:53 - PHP Warning:  filemtime(): stat failed for /var/www/juli.dementeva/data/www/eroticshop.kg/images/stories/virtuemart/product/eroticshop.kg-kolco.jpg in H:\rabota\OSPanel\domains\opencartrs\catalog\model\tool\image.php on line 76
2024-02-13 14:58:53 - PHP Warning:  filemtime(): stat failed for /var/www/juli.dementeva/data/www/eroticshop.kg/images/stories/virtuemart/product/nasadka43.jpg in H:\rabota\OSPanel\domains\opencartrs\catalog\model\tool\image.php on line 76
2024-02-13 14:58:53 - PHP Warning:  filemtime(): stat failed for /var/www/juli.dementeva/data/www/eroticshop.kg/images/stories/virtuemart/product/5f94062cddb44_14.jpg in H:\rabota\OSPanel\domains\opencartrs\catalog\model\tool\image.php on line 76
2024-02-13 14:58:53 - PHP Warning:  filemtime(): stat failed for /var/www/juli.dementeva/data/www/eroticshop.kg/images/stories/virtuemart/product/2111332120.jpg in H:\rabota\OSPanel\domains\opencartrs\catalog\model\tool\image.php on line 76
2024-02-13 14:58:53 - PHP Warning:  filemtime(): stat failed for /var/www/juli.dementeva/data/www/eroticshop.kg/images/stories/virtuemart/product/h8eac1252726d4b3190fda61c93bc9f034.jpg in H:\rabota\OSPanel\domains\opencartrs\catalog\model\tool\image.php on line 76
2024-02-13 14:58:53 - PHP Warning:  filemtime(): stat failed for /var/www/juli.dementeva/data/www/eroticshop.kg/images/stories/virtuemart/product/5d8cc6b56c7fb_73bi-016013-500x500.jpg in H:\rabota\OSPanel\domains\opencartrs\catalog\model\tool\image.php on line 76
2024-02-13 14:58:53 - PHP Warning:  filemtime(): stat failed for /var/www/juli.dementeva/data/www/eroticshop.kg/images/stories/virtuemart/product/55420375_w640_h640_n_bao_50_sharikov_1000_rub-(kopirovat).jpg in H:\rabota\OSPanel\domains\opencartrs\catalog\model\tool\image.php on line 76
2024-02-13 15:43:24 - PHP Warning:  filemtime(): stat failed for /var/www/juli.dementeva/data/www/eroticshop.kg/images/stories/virtuemart/product/5c791438b1bc9_20160501_132101.jpg in H:\rabota\OSPanel\domains\opencartrs\catalog\model\tool\image.php on line 76
2024-02-13 15:43:24 - PHP Warning:  filemtime(): stat failed for /var/www/juli.dementeva/data/www/eroticshop.kg/images/stories/virtuemart/product/6-6.jpg in H:\rabota\OSPanel\domains\opencartrs\catalog\model\tool\image.php on line 76
2024-02-13 15:43:24 - PHP Warning:  filemtime(): stat failed for /var/www/juli.dementeva/data/www/eroticshop.kg/images/stories/virtuemart/product/5d1b368012beb_36-21.jpg in H:\rabota\OSPanel\domains\opencartrs\catalog\model\tool\image.php on line 76
2024-02-13 15:43:24 - PHP Warning:  filemtime(): stat failed for /var/www/juli.dementeva/data/www/eroticshop.kg/images/stories/virtuemart/product/rings-for-the-penis1.jpg in H:\rabota\OSPanel\domains\opencartrs\catalog\model\tool\image.php on line 76
2024-02-13 15:43:24 - PHP Warning:  filemtime(): stat failed for /var/www/juli.dementeva/data/www/eroticshop.kg/images/stories/virtuemart/product/ko04.eroticshop-min.jpg in H:\rabota\OSPanel\domains\opencartrs\catalog\model\tool\image.php on line 76
2024-02-13 15:43:24 - PHP Warning:  filemtime(): stat failed for /var/www/juli.dementeva/data/www/eroticshop.kg/images/stories/virtuemart/product/eroticshop.kg-kolco.jpg in H:\rabota\OSPanel\domains\opencartrs\catalog\model\tool\image.php on line 76
2024-02-13 15:43:24 - PHP Warning:  filemtime(): stat failed for /var/www/juli.dementeva/data/www/eroticshop.kg/images/stories/virtuemart/product/nasadka43.jpg in H:\rabota\OSPanel\domains\opencartrs\catalog\model\tool\image.php on line 76
2024-02-13 15:43:24 - PHP Warning:  filemtime(): stat failed for /var/www/juli.dementeva/data/www/eroticshop.kg/images/stories/virtuemart/product/5f94062cddb44_14.jpg in H:\rabota\OSPanel\domains\opencartrs\catalog\model\tool\image.php on line 76
2024-02-13 15:43:24 - PHP Warning:  filemtime(): stat failed for /var/www/juli.dementeva/data/www/eroticshop.kg/images/stories/virtuemart/product/2111332120.jpg in H:\rabota\OSPanel\domains\opencartrs\catalog\model\tool\image.php on line 76
2024-02-13 15:43:24 - PHP Warning:  filemtime(): stat failed for /var/www/juli.dementeva/data/www/eroticshop.kg/images/stories/virtuemart/product/h8eac1252726d4b3190fda61c93bc9f034.jpg in H:\rabota\OSPanel\domains\opencartrs\catalog\model\tool\image.php on line 76
2024-02-13 15:43:24 - PHP Warning:  filemtime(): stat failed for /var/www/juli.dementeva/data/www/eroticshop.kg/images/stories/virtuemart/product/5d8cc6b56c7fb_73bi-016013-500x500.jpg in H:\rabota\OSPanel\domains\opencartrs\catalog\model\tool\image.php on line 76
2024-02-13 15:43:24 - PHP Warning:  filemtime(): stat failed for /var/www/juli.dementeva/data/www/eroticshop.kg/images/stories/virtuemart/product/55420375_w640_h640_n_bao_50_sharikov_1000_rub-(kopirovat).jpg in H:\rabota\OSPanel\domains\opencartrs\catalog\model\tool\image.php on line 76
2024-02-13 15:43:55 - PHP Warning:  filemtime(): stat failed for /var/www/juli.dementeva/data/www/eroticshop.kg/images/stories/virtuemart/product/5c791438b1bc9_20160501_132101.jpg in H:\rabota\OSPanel\domains\opencartrs\catalog\model\tool\image.php on line 76
2024-02-13 15:43:56 - PHP Warning:  filemtime(): stat failed for /var/www/juli.dementeva/data/www/eroticshop.kg/images/stories/virtuemart/product/6-6.jpg in H:\rabota\OSPanel\domains\opencartrs\catalog\model\tool\image.php on line 76
2024-02-13 15:43:56 - PHP Warning:  filemtime(): stat failed for /var/www/juli.dementeva/data/www/eroticshop.kg/images/stories/virtuemart/product/5d1b368012beb_36-21.jpg in H:\rabota\OSPanel\domains\opencartrs\catalog\model\tool\image.php on line 76
2024-02-13 15:43:56 - PHP Warning:  filemtime(): stat failed for /var/www/juli.dementeva/data/www/eroticshop.kg/images/stories/virtuemart/product/rings-for-the-penis1.jpg in H:\rabota\OSPanel\domains\opencartrs\catalog\model\tool\image.php on line 76
2024-02-13 15:43:56 - PHP Warning:  filemtime(): stat failed for /var/www/juli.dementeva/data/www/eroticshop.kg/images/stories/virtuemart/product/ko04.eroticshop-min.jpg in H:\rabota\OSPanel\domains\opencartrs\catalog\model\tool\image.php on line 76
2024-02-13 15:43:56 - PHP Warning:  filemtime(): stat failed for /var/www/juli.dementeva/data/www/eroticshop.kg/images/stories/virtuemart/product/eroticshop.kg-kolco.jpg in H:\rabota\OSPanel\domains\opencartrs\catalog\model\tool\image.php on line 76
2024-02-13 15:43:56 - PHP Warning:  filemtime(): stat failed for /var/www/juli.dementeva/data/www/eroticshop.kg/images/stories/virtuemart/product/nasadka43.jpg in H:\rabota\OSPanel\domains\opencartrs\catalog\model\tool\image.php on line 76
2024-02-13 15:43:56 - PHP Warning:  filemtime(): stat failed for /var/www/juli.dementeva/data/www/eroticshop.kg/images/stories/virtuemart/product/5f94062cddb44_14.jpg in H:\rabota\OSPanel\domains\opencartrs\catalog\model\tool\image.php on line 76
2024-02-13 15:43:56 - PHP Warning:  filemtime(): stat failed for /var/www/juli.dementeva/data/www/eroticshop.kg/images/stories/virtuemart/product/2111332120.jpg in H:\rabota\OSPanel\domains\opencartrs\catalog\model\tool\image.php on line 76
2024-02-13 15:43:56 - PHP Warning:  filemtime(): stat failed for /var/www/juli.dementeva/data/www/eroticshop.kg/images/stories/virtuemart/product/h8eac1252726d4b3190fda61c93bc9f034.jpg in H:\rabota\OSPanel\domains\opencartrs\catalog\model\tool\image.php on line 76
2024-02-13 15:43:56 - PHP Warning:  filemtime(): stat failed for /var/www/juli.dementeva/data/www/eroticshop.kg/images/stories/virtuemart/product/5d8cc6b56c7fb_73bi-016013-500x500.jpg in H:\rabota\OSPanel\domains\opencartrs\catalog\model\tool\image.php on line 76
2024-02-13 15:43:56 - PHP Warning:  filemtime(): stat failed for /var/www/juli.dementeva/data/www/eroticshop.kg/images/stories/virtuemart/product/55420375_w640_h640_n_bao_50_sharikov_1000_rub-(kopirovat).jpg in H:\rabota\OSPanel\domains\opencartrs\catalog\model\tool\image.php on line 76
2024-02-13 15:44:25 - PHP Warning:  filemtime(): stat failed for /var/www/juli.dementeva/data/www/eroticshop.kg/images/stories/virtuemart/product/5c791438b1bc9_20160501_132101.jpg in H:\rabota\OSPanel\domains\opencartrs\catalog\model\tool\image.php on line 76
2024-02-13 15:51:58 - PHP Warning:  filemtime(): stat failed for /var/www/juli.dementeva/data/www/eroticshop.kg/images/stories/virtuemart/product/5c791438b1bc9_20160501_132101.jpg in H:\rabota\OSPanel\domains\opencartrs\catalog\model\tool\image.php on line 76
2024-02-13 15:51:59 - PHP Warning:  filemtime(): stat failed for /var/www/juli.dementeva/data/www/eroticshop.kg/images/stories/virtuemart/product/5c791438b1bc9_20160501_132101.jpg in H:\rabota\OSPanel\domains\opencartrs\catalog\model\tool\image.php on line 76
2024-02-13 15:51:59 - PHP Warning:  filemtime(): stat failed for /var/www/juli.dementeva/data/www/eroticshop.kg/images/stories/virtuemart/product/6-6.jpg in H:\rabota\OSPanel\domains\opencartrs\catalog\model\tool\image.php on line 76
2024-02-13 15:51:59 - PHP Warning:  filemtime(): stat failed for /var/www/juli.dementeva/data/www/eroticshop.kg/images/stories/virtuemart/product/5d1b368012beb_36-21.jpg in H:\rabota\OSPanel\domains\opencartrs\catalog\model\tool\image.php on line 76
2024-02-13 15:51:59 - PHP Warning:  filemtime(): stat failed for /var/www/juli.dementeva/data/www/eroticshop.kg/images/stories/virtuemart/product/rings-for-the-penis1.jpg in H:\rabota\OSPanel\domains\opencartrs\catalog\model\tool\image.php on line 76
2024-02-13 15:51:59 - PHP Warning:  filemtime(): stat failed for /var/www/juli.dementeva/data/www/eroticshop.kg/images/stories/virtuemart/product/ko04.eroticshop-min.jpg in H:\rabota\OSPanel\domains\opencartrs\catalog\model\tool\image.php on line 76
2024-02-13 15:51:59 - PHP Warning:  filemtime(): stat failed for /var/www/juli.dementeva/data/www/eroticshop.kg/images/stories/virtuemart/product/eroticshop.kg-kolco.jpg in H:\rabota\OSPanel\domains\opencartrs\catalog\model\tool\image.php on line 76
2024-02-13 15:51:59 - PHP Warning:  filemtime(): stat failed for /var/www/juli.dementeva/data/www/eroticshop.kg/images/stories/virtuemart/product/nasadka43.jpg in H:\rabota\OSPanel\domains\opencartrs\catalog\model\tool\image.php on line 76
2024-02-13 15:51:59 - PHP Warning:  filemtime(): stat failed for /var/www/juli.dementeva/data/www/eroticshop.kg/images/stories/virtuemart/product/5f94062cddb44_14.jpg in H:\rabota\OSPanel\domains\opencartrs\catalog\model\tool\image.php on line 76
2024-02-13 15:51:59 - PHP Warning:  filemtime(): stat failed for /var/www/juli.dementeva/data/www/eroticshop.kg/images/stories/virtuemart/product/2111332120.jpg in H:\rabota\OSPanel\domains\opencartrs\catalog\model\tool\image.php on line 76
2024-02-13 15:51:59 - PHP Warning:  filemtime(): stat failed for /var/www/juli.dementeva/data/www/eroticshop.kg/images/stories/virtuemart/product/h8eac1252726d4b3190fda61c93bc9f034.jpg in H:\rabota\OSPanel\domains\opencartrs\catalog\model\tool\image.php on line 76
2024-02-13 15:51:59 - PHP Warning:  filemtime(): stat failed for /var/www/juli.dementeva/data/www/eroticshop.kg/images/stories/virtuemart/product/5d8cc6b56c7fb_73bi-016013-500x500.jpg in H:\rabota\OSPanel\domains\opencartrs\catalog\model\tool\image.php on line 76
2024-02-13 15:51:59 - PHP Warning:  filemtime(): stat failed for /var/www/juli.dementeva/data/www/eroticshop.kg/images/stories/virtuemart/product/55420375_w640_h640_n_bao_50_sharikov_1000_rub-(kopirovat).jpg in H:\rabota\OSPanel\domains\opencartrs\catalog\model\tool\image.php on line 76
2024-02-13 15:58:35 - PHP Warning:  filemtime(): stat failed for /var/www/juli.dementeva/data/www/eroticshop.kg/images/stories/virtuemart/product/5c791438b1bc9_20160501_132101.jpg in H:\rabota\OSPanel\domains\opencartrs\catalog\model\tool\image.php on line 76
2024-02-13 15:58:35 - PHP Warning:  filemtime(): stat failed for /var/www/juli.dementeva/data/www/eroticshop.kg/images/stories/virtuemart/product/5c791438b1bc9_20160501_132101.jpg in H:\rabota\OSPanel\domains\opencartrs\catalog\model\tool\image.php on line 76
2024-02-13 15:58:35 - PHP Warning:  filemtime(): stat failed for /var/www/juli.dementeva/data/www/eroticshop.kg/images/stories/virtuemart/product/6-6.jpg in H:\rabota\OSPanel\domains\opencartrs\catalog\model\tool\image.php on line 76
2024-02-13 15:58:35 - PHP Warning:  filemtime(): stat failed for /var/www/juli.dementeva/data/www/eroticshop.kg/images/stories/virtuemart/product/5d1b368012beb_36-21.jpg in H:\rabota\OSPanel\domains\opencartrs\catalog\model\tool\image.php on line 76
2024-02-13 15:58:35 - PHP Warning:  filemtime(): stat failed for /var/www/juli.dementeva/data/www/eroticshop.kg/images/stories/virtuemart/product/rings-for-the-penis1.jpg in H:\rabota\OSPanel\domains\opencartrs\catalog\model\tool\image.php on line 76
2024-02-13 15:58:35 - PHP Warning:  filemtime(): stat failed for /var/www/juli.dementeva/data/www/eroticshop.kg/images/stories/virtuemart/product/ko04.eroticshop-min.jpg in H:\rabota\OSPanel\domains\opencartrs\catalog\model\tool\image.php on line 76
2024-02-13 15:58:35 - PHP Warning:  filemtime(): stat failed for /var/www/juli.dementeva/data/www/eroticshop.kg/images/stories/virtuemart/product/eroticshop.kg-kolco.jpg in H:\rabota\OSPanel\domains\opencartrs\catalog\model\tool\image.php on line 76
2024-02-13 15:58:35 - PHP Warning:  filemtime(): stat failed for /var/www/juli.dementeva/data/www/eroticshop.kg/images/stories/virtuemart/product/nasadka43.jpg in H:\rabota\OSPanel\domains\opencartrs\catalog\model\tool\image.php on line 76
2024-02-13 15:58:35 - PHP Warning:  filemtime(): stat failed for /var/www/juli.dementeva/data/www/eroticshop.kg/images/stories/virtuemart/product/5f94062cddb44_14.jpg in H:\rabota\OSPanel\domains\opencartrs\catalog\model\tool\image.php on line 76
2024-02-13 15:58:35 - PHP Warning:  filemtime(): stat failed for /var/www/juli.dementeva/data/www/eroticshop.kg/images/stories/virtuemart/product/2111332120.jpg in H:\rabota\OSPanel\domains\opencartrs\catalog\model\tool\image.php on line 76
2024-02-13 15:58:35 - PHP Warning:  filemtime(): stat failed for /var/www/juli.dementeva/data/www/eroticshop.kg/images/stories/virtuemart/product/h8eac1252726d4b3190fda61c93bc9f034.jpg in H:\rabota\OSPanel\domains\opencartrs\catalog\model\tool\image.php on line 76
2024-02-13 15:58:35 - PHP Warning:  filemtime(): stat failed for /var/www/juli.dementeva/data/www/eroticshop.kg/images/stories/virtuemart/product/5d8cc6b56c7fb_73bi-016013-500x500.jpg in H:\rabota\OSPanel\domains\opencartrs\catalog\model\tool\image.php on line 76
2024-02-13 15:58:35 - PHP Warning:  filemtime(): stat failed for /var/www/juli.dementeva/data/www/eroticshop.kg/images/stories/virtuemart/product/55420375_w640_h640_n_bao_50_sharikov_1000_rub-(kopirovat).jpg in H:\rabota\OSPanel\domains\opencartrs\catalog\model\tool\image.php on line 76
2024-02-13 15:59:08 - PHP Warning:  filemtime(): stat failed for /var/www/juli.dementeva/data/www/eroticshop.kg/images/stories/virtuemart/product/5c791438b1bc9_20160501_132101.jpg in H:\rabota\OSPanel\domains\opencartrs\catalog\model\tool\image.php on line 76
2024-03-16 16:06:53 - PHP Warning:  filemtime(): stat failed for /var/www/juli.dementeva/data/www/eroticshop.kg/images/stories/virtuemart/product/5c791438b1bc9_20160501_132101.jpg in H:\rabota\OSPanel\domains\opencartrs\catalog\model\tool\image.php on line 76
2024-03-16 16:06:53 - PHP Warning:  filemtime(): stat failed for /var/www/juli.dementeva/data/www/eroticshop.kg/images/stories/virtuemart/product/6-6.jpg in H:\rabota\OSPanel\domains\opencartrs\catalog\model\tool\image.php on line 76
2024-03-16 16:06:53 - PHP Warning:  filemtime(): stat failed for /var/www/juli.dementeva/data/www/eroticshop.kg/images/stories/virtuemart/product/5d1b368012beb_36-21.jpg in H:\rabota\OSPanel\domains\opencartrs\catalog\model\tool\image.php on line 76
2024-03-16 16:06:53 - PHP Warning:  filemtime(): stat failed for /var/www/juli.dementeva/data/www/eroticshop.kg/images/stories/virtuemart/product/rings-for-the-penis1.jpg in H:\rabota\OSPanel\domains\opencartrs\catalog\model\tool\image.php on line 76
2024-03-16 16:06:53 - PHP Warning:  filemtime(): stat failed for /var/www/juli.dementeva/data/www/eroticshop.kg/images/stories/virtuemart/product/ko04.eroticshop-min.jpg in H:\rabota\OSPanel\domains\opencartrs\catalog\model\tool\image.php on line 76
2024-03-16 16:06:53 - PHP Warning:  filemtime(): stat failed for /var/www/juli.dementeva/data/www/eroticshop.kg/images/stories/virtuemart/product/eroticshop.kg-kolco.jpg in H:\rabota\OSPanel\domains\opencartrs\catalog\model\tool\image.php on line 76
2024-03-16 16:06:53 - PHP Warning:  filemtime(): stat failed for /var/www/juli.dementeva/data/www/eroticshop.kg/images/stories/virtuemart/product/nasadka43.jpg in H:\rabota\OSPanel\domains\opencartrs\catalog\model\tool\image.php on line 76
2024-03-16 16:06:53 - PHP Warning:  filemtime(): stat failed for /var/www/juli.dementeva/data/www/eroticshop.kg/images/stories/virtuemart/product/5f94062cddb44_14.jpg in H:\rabota\OSPanel\domains\opencartrs\catalog\model\tool\image.php on line 76
2024-03-16 16:06:53 - PHP Warning:  filemtime(): stat failed for /var/www/juli.dementeva/data/www/eroticshop.kg/images/stories/virtuemart/product/2111332120.jpg in H:\rabota\OSPanel\domains\opencartrs\catalog\model\tool\image.php on line 76
2024-03-16 16:06:53 - PHP Warning:  filemtime(): stat failed for /var/www/juli.dementeva/data/www/eroticshop.kg/images/stories/virtuemart/product/h8eac1252726d4b3190fda61c93bc9f034.jpg in H:\rabota\OSPanel\domains\opencartrs\catalog\model\tool\image.php on line 76
2024-03-16 16:06:53 - PHP Warning:  filemtime(): stat failed for /var/www/juli.dementeva/data/www/eroticshop.kg/images/stories/virtuemart/product/5d8cc6b56c7fb_73bi-016013-500x500.jpg in H:\rabota\OSPanel\domains\opencartrs\catalog\model\tool\image.php on line 76
2024-03-16 16:06:53 - PHP Warning:  filemtime(): stat failed for /var/www/juli.dementeva/data/www/eroticshop.kg/images/stories/virtuemart/product/55420375_w640_h640_n_bao_50_sharikov_1000_rub-(kopirovat).jpg in H:\rabota\OSPanel\domains\opencartrs\catalog\model\tool\image.php on line 76
